<?xml version="1.0" encoding="UTF-8"?>
<Site BuildName="(empty)"
	BuildStamp="20220630-0829-Experimental"
	Name="(empty)"
	Generator="ctest-3.22.0"
	CompilerName=""
	CompilerVersion=""
	OSName="macOS"
	Hostname="Federicos-Air.home-life.hub"
	OSRelease="11.2.3"
	OSVersion="20D91"
	OSPlatform="x86_64"
	Is64Bits="1"
	VendorString="GenuineIntel"
	VendorID="Intel Corporation"
	FamilyID="6"
	ModelID="61"
	ProcessorCacheSize="32768"
	NumberOfLogicalCPU="4"
	NumberOfPhysicalCPU="2"
	TotalVirtualMemory="1024"
	TotalPhysicalMemory="8192"
	LogicalProcessorsPerPhysical="8"
	ProcessorClockFrequency="1800"
	>
	<Testing>
		<StartDateTime>Jun 30 22:51 CEST</StartDateTime>
		<StartTestTime>1656622290</StartTestTime>
		<TestList>
			<Test>./test/AF6502Tests</Test>
		</TestList>
		<Test Status="passed">
			<Name>AF6502Tests</Name>
			<Path>./test</Path>
			<FullName>./test/AF6502Tests</FullName>
			<FullCommandLine>/Users/federicoaguzzi/Documents/Programmi/af6502/build/test/AF6502Tests</FullCommandLine>
			<Results>
				<NamedMeasurement type="numeric/double" name="Execution Time">
					<Value>0.417852</Value>
				</NamedMeasurement>
				<NamedMeasurement type="numeric/double" name="Processors">
					<Value>1</Value>
				</NamedMeasurement>
				<NamedMeasurement type="text/string" name="Completion Status">
					<Value>Completed</Value>
				</NamedMeasurement>
				<NamedMeasurement type="text/string" name="Command Line">
					<Value>/Users/federicoaguzzi/Documents/Programmi/af6502/build/test/AF6502Tests</Value>
				</NamedMeasurement>
				<NamedMeasurement type="text/string" name="Environment">
					<Value>#CTEST_RESOURCE_GROUP_COUNT=</Value>
				</NamedMeasurement>
				<Measurement>
					<Value encoding="base64" compression="gzip">eJyNUk1vwjAMvfdX+AgHGjaJ3XZAYkPTxIbKOCE0hdRUkZp4stNN49evoaiCiY/65Ngv7z3LzirvrS/Aaet7fdgyOVBLQRa1xRzZGtJFtdtZNSFTOfRB1JypYO2cVXr7MBreK2GjCqKixIASjtN9J2afUSA1Jlk9trGG7KA+goiRRv5u/wCpbMA0WQ3aWMO0pI0umz76b8vkoyUQDIPq6x/4hHT8HJ1+xEKygmz5BvtYHzfSCTryElgHnMbKTBumGt7E+2sXOPSG4KR/WSTD2m1MLxO3kJtks9oC/75EF5UJlvx14rPwmyLjPGcUqRc1oxzlusQZcFeBDHVe/+vEf4Rt6bssvwFDoKDLftLtugJqHuT040+P9+LRAmufngrV48zHi8XTJI5++Jgmfwh5FCw=</Value>
				</Measurement>
			</Results>
		</Test>
		<EndDateTime>Jun 30 22:51 CEST</EndDateTime>
		<EndTestTime>1656622290</EndTestTime>
		<ElapsedMinutes>0</ElapsedMinutes>
	</Testing>
</Site>
